<?xml version="1.0" encoding="UTF-8"?>
<!-- Generated by org.testng.reporters.JUnitReportReporter -->
<testsuite skipped="0" hostname="LAPTOP-L8MTL934" name="testNG.TestheutteDP" tests="12" failures="0" timestamp="28 Apr 2017 16:28:03 GMT" time="0.070" errors="0">
  <testcase name="con10" time="0.002" classname="testNG.TestheutteDP"/>
  <testcase name="con7" time="0.003" classname="testNG.TestheutteDP"/>
  <testcase name="con6" time="0.002" classname="testNG.TestheutteDP"/>
  <testcase name="con9" time="0.001" classname="testNG.TestheutteDP"/>
  <testcase name="toString1" time="0.002" classname="testNG.TestheutteDP"/>
  <testcase name="con8" time="0.003" classname="testNG.TestheutteDP"/>
  <testcase name="con5" time="0.003" classname="testNG.TestheutteDP"/>
  <testcase name="con2" time="0.002" classname="testNG.TestheutteDP"/>
  <testcase name="con3" time="0.001" classname="testNG.TestheutteDP"/>
  <testcase name="f" time="0.002" classname="testNG.TestheutteDP"/>
  <testcase name="con1" time="0.038" classname="testNG.TestheutteDP"/>
  <testcase name="con4" time="0.011" classname="testNG.TestheutteDP"/>
</testsuite> <!-- testNG.TestheutteDP -->
