<?xml version="1.0" encoding="UTF-8"?>
<!-- Generated by org.testng.reporters.JUnitReportReporter -->
<testsuite skipped="0" hostname="LAPTOP-L8MTL934" name="testNG.Testhuette3DP" tests="14" failures="0" timestamp="29 Apr 2017 16:28:49 GMT" time="0.236" errors="0">
  <testcase name="con2" time="0.005" classname="testNG.Testhuette3DP"/>
  <testcase name="con6" time="0.009" classname="testNG.Testhuette3DP"/>
  <testcase name="con14" time="0.036" classname="testNG.Testhuette3DP"/>
  <testcase name="con1" time="0.065" classname="testNG.Testhuette3DP"/>
  <testcase name="con10" time="0.007" classname="testNG.Testhuette3DP"/>
  <testcase name="con7" time="0.009" classname="testNG.Testhuette3DP"/>
  <testcase name="con4" time="0.031" classname="testNG.Testhuette3DP"/>
  <testcase name="con3" time="0.006" classname="testNG.Testhuette3DP"/>
  <testcase name="con11" time="0.023" classname="testNG.Testhuette3DP"/>
  <testcase name="con12" time="0.015" classname="testNG.Testhuette3DP"/>
  <testcase name="con5" time="0.009" classname="testNG.Testhuette3DP"/>
  <testcase name="con13" time="0.007" classname="testNG.Testhuette3DP"/>
  <testcase name="con9" time="0.008" classname="testNG.Testhuette3DP"/>
  <testcase name="con8" time="0.006" classname="testNG.Testhuette3DP"/>
</testsuite> <!-- testNG.Testhuette3DP -->
