<?xml version="1.0" encoding="UTF-8"?>
<!-- Generated by org.testng.reporters.JUnitReportReporter -->
<testsuite hostname="Churchill1" name="testNG.Testhuette" tests="15" failures="0" timestamp="19 Mar 2017 12:46:02 GMT" time="0.061" errors="0">
  <testcase name="huettenlaenge" time="0.001" classname="testNG.Testhuette"/>
  <testcase name="huettenzeitalter" time="0.024" classname="testNG.Testhuette"/>
  <testcase name="huettenzeit" time="0.002" classname="testNG.Testhuette"/>
  <testcase name="huettenzeitalter2" time="0.002" classname="testNG.Testhuette"/>
  <testcase name="huettendiamt" time="0.001" classname="testNG.Testhuette"/>
  <testcase name="huettenzeitalter3" time="0.003" classname="testNG.Testhuette"/>
  <testcase name="sek1" time="0.003" classname="testNG.Testhuette"/>
  <testcase name="huettenname" time="0.003" classname="testNG.Testhuette"/>
  <testcase name="std1" time="0.003" classname="testNG.Testhuette"/>
  <testcase name="huettenwerkzeug" time="0.003" classname="testNG.Testhuette"/>
  <testcase name="huettenpersonen" time="0.003" classname="testNG.Testhuette"/>
  <testcase name="huettenmuenze" time="0.002" classname="testNG.Testhuette"/>
  <testcase name="huettenweg" time="0.002" classname="testNG.Testhuette"/>
  <testcase name="huettenbreite" time="0.006" classname="testNG.Testhuette"/>
  <testcase name="min1" time="0.003" classname="testNG.Testhuette"/>
</testsuite> <!-- testNG.Testhuette -->
