<?xml version="1.0" encoding="UTF-8"?>
<!-- Generated by org.testng.reporters.JUnitReportReporter -->
<testsuite skipped="0" hostname="LAPTOP-L8MTL934" name="testNG.TestJagdlager" tests="21" failures="0" timestamp="30 Dez 2017 21:41:20 GMT" time="0.236" errors="0">
  <testcase name="con14" time="0.023" classname="testNG.TestJagdlager"/>
  <testcase name="con13" time="0.007" classname="testNG.TestJagdlager"/>
  <testcase name="con18" time="0.007" classname="testNG.TestJagdlager"/>
  <testcase name="con8" time="0.005" classname="testNG.TestJagdlager"/>
  <testcase name="con12" time="0.011" classname="testNG.TestJagdlager"/>
  <testcase name="con7" time="0.004" classname="testNG.TestJagdlager"/>
  <testcase name="con9" time="0.012" classname="testNG.TestJagdlager"/>
  <testcase name="con21" time="0.006" classname="testNG.TestJagdlager"/>
  <testcase name="con19" time="0.008" classname="testNG.TestJagdlager"/>
  <testcase name="con6" time="0.004" classname="testNG.TestJagdlager"/>
  <testcase name="con16" time="0.010" classname="testNG.TestJagdlager"/>
  <testcase name="con15" time="0.008" classname="testNG.TestJagdlager"/>
  <testcase name="con1" time="0.065" classname="testNG.TestJagdlager"/>
  <testcase name="con5" time="0.005" classname="testNG.TestJagdlager"/>
  <testcase name="con10" time="0.007" classname="testNG.TestJagdlager"/>
  <testcase name="con17" time="0.010" classname="testNG.TestJagdlager"/>
  <testcase name="con4" time="0.010" classname="testNG.TestJagdlager"/>
  <testcase name="con11" time="0.013" classname="testNG.TestJagdlager"/>
  <testcase name="con20" time="0.010" classname="testNG.TestJagdlager"/>
  <testcase name="con2" time="0.005" classname="testNG.TestJagdlager"/>
  <testcase name="con3" time="0.006" classname="testNG.TestJagdlager"/>
</testsuite> <!-- testNG.TestJagdlager -->
